time="2024-06-22T15:14:13+05:30" level=info msg="GetNotification at NotificationServer started"
time="2024-06-22T15:14:13+05:30" level=error msg="error from notificationUsecaseERROR: column \"sender_name\" does not exist (SQLSTATE 42703)"
time="2024-06-22T15:15:11+05:30" level=info msg="GetNotification at NotificationServer started"
time="2024-06-22T15:15:11+05:30" level=error msg="error from notificationUsecaseERROR: column \"firstname\" does not exist (SQLSTATE 42703)"
time="2024-06-22T15:16:49+05:30" level=info msg="GetAllNotifications at NotificationServer started"
time="2024-06-22T15:16:49+05:30" level=error msg="error from notificationUsecaseERROR: column \"sender_name\" does not exist (SQLSTATE 42703)"
time="2024-06-22T15:16:55+05:30" level=info msg="GetNotification at NotificationServer started"
time="2024-06-22T15:16:55+05:30" level=error msg="error from notificationUsecaseERROR: column \"sender_name\" does not exist (SQLSTATE 42703)"
time="2024-06-22T15:18:45+05:30" level=info msg="GetNotification at NotificationServer started"
time="2024-06-22T15:18:45+05:30" level=error msg="error from notificationUsecaseERROR: column \"read\" does not exist (SQLSTATE 42703)"
time="2024-06-22T15:20:52+05:30" level=info msg="GetNotification at NotificationServer started"
time="2024-06-22T15:20:52+05:30" level=info msg="GetNotification at notificationUsecase success"
time="2024-06-22T15:20:52+05:30" level=info msg="GetNotification at NotificationServer success"
time="2024-06-22T15:21:51+05:30" level=info msg="GetNotification at NotificationServer started"
time="2024-06-22T15:21:51+05:30" level=info msg="GetNotification at notificationUsecase success"
time="2024-06-22T15:21:51+05:30" level=info msg="GetNotification at NotificationServer success"
time="2024-06-22T15:38:12+05:30" level=info msg="GetNotification at NotificationServer started"
time="2024-06-22T15:38:12+05:30" level=info msg="GetNotification at notificationUsecase success"
time="2024-06-22T15:38:12+05:30" level=info msg="GetNotification at NotificationServer success"
time="2024-06-22T15:39:08+05:30" level=info msg="ReadNotification at NotificationServer started"
time="2024-06-22T15:39:09+05:30" level=info msg="ReadNotification at notificationUsecase success"
time="2024-06-22T15:39:09+05:30" level=info msg="GetNotification at NotificationServer success"
time="2024-06-22T16:23:55+05:30" level=info msg="GetNotification at NotificationServer started"
time="2024-06-22T16:23:56+05:30" level=info msg="GetNotification at notificationUsecase success"
time="2024-06-22T16:23:56+05:30" level=info msg="GetNotification at NotificationServer success"
time="2024-06-22T16:25:04+05:30" level=info msg="GetNotification at NotificationServer started"
time="2024-06-22T16:25:05+05:30" level=info msg="GetNotification at notificationUsecase success"
time="2024-06-22T16:25:05+05:30" level=info msg="GetNotification at NotificationServer success"
time="2024-06-22T16:31:09+05:30" level=info msg="GetNotification at NotificationServer started"
time="2024-06-22T16:31:09+05:30" level=info msg="GetNotification at notificationUsecase success"
time="2024-06-22T16:31:09+05:30" level=info msg="GetNotification at NotificationServer success"
time="2024-06-22T16:33:04+05:30" level=info msg="GetNotification at NotificationServer started"
time="2024-06-22T16:33:04+05:30" level=info msg="GetNotification at notificationUsecase success"
time="2024-06-22T16:33:04+05:30" level=info msg="GetNotification at NotificationServer success"
time="2024-06-22T16:39:33+05:30" level=info msg="ReadNotification at NotificationServer started"
time="2024-06-22T16:39:33+05:30" level=error msg="error from notificationUsecasenotification not found"
time="2024-06-22T16:39:40+05:30" level=info msg="ReadNotification at NotificationServer started"
time="2024-06-22T16:39:40+05:30" level=error msg="error from notificationUsecasenotification not found"
time="2024-06-22T16:39:54+05:30" level=info msg="ReadNotification at NotificationServer started"
time="2024-06-22T16:39:54+05:30" level=error msg="error from notificationUsecasenotification not found"
time="2024-06-22T16:41:41+05:30" level=info msg="GetAllNotifications at NotificationServer started"
time="2024-06-22T16:41:41+05:30" level=info msg="GetAllNotifications at notificationUsecase success"
time="2024-06-22T16:41:41+05:30" level=info msg="GetAllNotifications at NotificationServer success"
time="2024-06-22T16:42:07+05:30" level=info msg="GetAllNotifications at NotificationServer started"
time="2024-06-22T16:42:07+05:30" level=info msg="GetAllNotifications at notificationUsecase success"
time="2024-06-22T16:42:07+05:30" level=info msg="GetAllNotifications at NotificationServer success"
time="2024-06-22T16:42:23+05:30" level=info msg="ReadNotification at NotificationServer started"
time="2024-06-22T16:42:23+05:30" level=info msg="ReadNotification at notificationUsecase success"
time="2024-06-22T16:42:23+05:30" level=info msg="GetNotification at NotificationServer success"
time="2024-06-22T16:42:28+05:30" level=info msg="ReadNotification at NotificationServer started"
time="2024-06-22T16:42:28+05:30" level=info msg="ReadNotification at notificationUsecase success"
time="2024-06-22T16:42:28+05:30" level=info msg="GetNotification at NotificationServer success"
time="2024-06-22T16:44:57+05:30" level=info msg="ReadNotification at NotificationServer started"
time="2024-06-22T16:44:57+05:30" level=info msg="ReadNotification at notificationUsecase success"
time="2024-06-22T16:44:57+05:30" level=info msg="GetNotification at NotificationServer success"
time="2024-06-22T16:51:16+05:30" level=info msg="ReadNotification at NotificationServer started"
time="2024-06-22T16:51:16+05:30" level=error msg="error from notificationUsecasenotification not found"
time="2024-06-22T16:56:50+05:30" level=info msg="ReadNotification at NotificationServer started"
time="2024-06-22T16:56:50+05:30" level=error msg="error from notificationUsecasenotification not found"
time="2024-06-22T16:57:10+05:30" level=info msg="ReadNotification at NotificationServer started"
time="2024-06-22T16:57:10+05:30" level=info msg="ReadNotification at notificationUsecase success"
time="2024-06-22T16:57:10+05:30" level=info msg="GetNotification at NotificationServer success"
time="2024-06-22T16:58:06+05:30" level=info msg="ReadNotification at NotificationServer started"
time="2024-06-22T16:58:06+05:30" level=error msg="error from notificationUsecasenotification not found"
time="2024-06-22T16:58:14+05:30" level=info msg="ReadNotification at NotificationServer started"
time="2024-06-22T16:58:14+05:30" level=error msg="error from notificationUsecasenotification not found"
time="2024-06-22T16:58:26+05:30" level=info msg="ReadNotification at NotificationServer started"
time="2024-06-22T16:58:26+05:30" level=error msg="error from notificationUsecasenotification not found"
