time="2024-06-22T15:11:22+05:30" level=info msg="StoreNotificationReq at notificationRepository started"
time="2024-06-22T15:11:22+05:30" level=error msg="Error while storing notification request: ERROR: column \"sender_name\" of relation \"notifications\" does not exist (SQLSTATE 42703)"
time="2024-06-22T15:12:09+05:30" level=info msg="StoreNotificationReq at notificationRepository started"
time="2024-06-22T15:12:09+05:30" level=error msg="Error while storing notification request: ERROR: column \"sender_name\" of relation \"notifications\" does not exist (SQLSTATE 42703)"
time="2024-06-22T15:14:13+05:30" level=info msg="GetNotification at notificationRepository started"
time="2024-06-22T15:14:13+05:30" level=error msg="Error while getting notifications: ERROR: column \"sender_name\" does not exist (SQLSTATE 42703)"
time="2024-06-22T15:15:11+05:30" level=info msg="GetNotification at notificationRepository started"
time="2024-06-22T15:15:11+05:30" level=error msg="Error while getting notifications: ERROR: column \"firstname\" does not exist (SQLSTATE 42703)"
time="2024-06-22T15:16:49+05:30" level=info msg="GetAllNotifications at notificationUsecase started"
time="2024-06-22T15:16:49+05:30" level=info msg="GetAllNotifications at notiRepository started"
time="2024-06-22T15:16:49+05:30" level=info msg="GetAllNotifications at notificationRepository started"
time="2024-06-22T15:16:49+05:30" level=error msg="Error while reading notifications: ERROR: column \"sender_name\" does not exist (SQLSTATE 42703)"
time="2024-06-22T15:16:49+05:30" level=error msg="Error at MarkAllAsRead at notiRepository: ERROR: column \"sender_name\" does not exist (SQLSTATE 42703)"
time="2024-06-22T15:16:55+05:30" level=info msg="GetNotification at notificationRepository started"
time="2024-06-22T15:16:55+05:30" level=error msg="Error while getting notifications: ERROR: column \"sender_name\" does not exist (SQLSTATE 42703)"
time="2024-06-22T15:18:45+05:30" level=info msg="GetNotification at notificationRepository started"
time="2024-06-22T15:18:45+05:30" level=error msg="Error while getting notifications: ERROR: column \"read\" does not exist (SQLSTATE 42703)"
time="2024-06-22T15:20:52+05:30" level=info msg="GetNotification at notificationRepository started"
time="2024-06-22T15:20:52+05:30" level=info msg="GetNotification at notificationRepository completed successfully"
time="2024-06-22T15:21:51+05:30" level=info msg="GetNotification at notificationRepository started"
time="2024-06-22T15:21:51+05:30" level=info msg="GetNotification at notificationRepository completed successfully"
