time="2024-06-22T15:09:17+05:30" level=info msg="UserData at NotificationServer started"
time="2024-06-22T15:09:17+05:30" level=info msg="UserData at notificationUsecase started"
time="2024-06-22T15:09:17+05:30" level=info msg="UserData at notificationUseCase started"
time="2024-06-22T15:09:17+05:30" level=info msg="UserData at notificationRepository started"
time="2024-06-22T15:09:17+05:30" level=info msg="UserData at notificationRepository started"
time="2024-06-22T15:09:17+05:30" level=error msg="error on databaseERROR: column \"first_name\" does not exist (SQLSTATE 42703)"
time="2024-06-22T15:09:17+05:30" level=error msg="error at notificationRepositoryERROR: column \"first_name\" does not exist (SQLSTATE 42703)"
time="2024-06-22T15:09:17+05:30" level=error msg="error from notificationUsecaseERROR: column \"first_name\" does not exist (SQLSTATE 42703)"
time="2024-06-22T15:11:20+05:30" level=info msg="UserData at NotificationServer started"
time="2024-06-22T15:11:20+05:30" level=info msg="UserData at notificationUsecase started"
time="2024-06-22T15:11:20+05:30" level=info msg="UserData at notificationUseCase started"
time="2024-06-22T15:11:20+05:30" level=info msg="UserData at notificationRepository started"
time="2024-06-22T15:11:20+05:30" level=info msg="UserData at notificationRepository started"
time="2024-06-22T15:11:20+05:30" level=info msg="UserData at notificationRepository finished"
time="2024-06-22T15:11:20+05:30" level=info msg="UserData at notificationRepository finished"
time="2024-06-22T15:11:20+05:30" level=info msg="UserData at notificationUseCase finished"
time="2024-06-22T15:11:20+05:30" level=info msg="UserData at notificationUsecase finished"
time="2024-06-22T15:11:20+05:30" level=info msg="UserData at NotificationServer finished"
time="2024-06-22T15:12:09+05:30" level=info msg="UserData at NotificationServer started"
time="2024-06-22T15:12:09+05:30" level=info msg="UserData at notificationUsecase started"
time="2024-06-22T15:12:09+05:30" level=info msg="UserData at notificationUseCase started"
time="2024-06-22T15:12:09+05:30" level=info msg="UserData at notificationRepository started"
time="2024-06-22T15:12:09+05:30" level=info msg="UserData at notificationRepository started"
time="2024-06-22T15:12:09+05:30" level=info msg="UserData at notificationRepository finished"
time="2024-06-22T15:12:09+05:30" level=info msg="UserData at notificationRepository finished"
time="2024-06-22T15:12:09+05:30" level=info msg="UserData at notificationUseCase finished"
time="2024-06-22T15:12:09+05:30" level=info msg="UserData at notificationUsecase finished"
time="2024-06-22T15:12:09+05:30" level=info msg="UserData at NotificationServer finished"
time="2024-06-22T16:18:11+05:30" level=info msg="UserData at NotificationServer started"
time="2024-06-22T16:18:11+05:30" level=info msg="UserData at notificationUsecase started"
time="2024-06-22T16:18:11+05:30" level=info msg="UserData at notificationUseCase started"
time="2024-06-22T16:18:11+05:30" level=info msg="UserData at notificationRepository started"
time="2024-06-22T16:18:11+05:30" level=info msg="UserData at notificationRepository started"
time="2024-06-22T16:18:11+05:30" level=info msg="UserData at notificationRepository finished"
time="2024-06-22T16:18:11+05:30" level=info msg="UserData at notificationRepository finished"
time="2024-06-22T16:18:11+05:30" level=info msg="UserData at notificationUseCase finished"
time="2024-06-22T16:18:11+05:30" level=info msg="UserData at notificationUsecase finished"
time="2024-06-22T16:18:11+05:30" level=info msg="UserData at NotificationServer finished"
time="2024-06-22T16:18:34+05:30" level=info msg="UserData at NotificationServer started"
time="2024-06-22T16:18:34+05:30" level=info msg="UserData at notificationUsecase started"
time="2024-06-22T16:18:34+05:30" level=info msg="UserData at notificationUseCase started"
time="2024-06-22T16:18:34+05:30" level=info msg="UserData at notificationRepository started"
time="2024-06-22T16:18:34+05:30" level=info msg="UserData at notificationRepository started"
time="2024-06-22T16:18:34+05:30" level=info msg="UserData at notificationRepository finished"
time="2024-06-22T16:18:34+05:30" level=info msg="UserData at notificationRepository finished"
time="2024-06-22T16:18:34+05:30" level=info msg="UserData at notificationUseCase finished"
time="2024-06-22T16:18:34+05:30" level=info msg="UserData at notificationUsecase finished"
time="2024-06-22T16:18:34+05:30" level=info msg="UserData at NotificationServer finished"
time="2024-06-22T16:21:31+05:30" level=info msg="UserData at NotificationServer started"
time="2024-06-22T16:21:31+05:30" level=info msg="UserData at notificationUsecase started"
time="2024-06-22T16:21:31+05:30" level=info msg="UserData at notificationUseCase started"
time="2024-06-22T16:21:31+05:30" level=info msg="UserData at notificationRepository started"
time="2024-06-22T16:21:31+05:30" level=info msg="UserData at notificationRepository started"
time="2024-06-22T16:21:31+05:30" level=info msg="UserData at notificationRepository finished"
time="2024-06-22T16:21:31+05:30" level=info msg="UserData at notificationRepository finished"
time="2024-06-22T16:21:31+05:30" level=info msg="UserData at notificationUseCase finished"
time="2024-06-22T16:21:31+05:30" level=info msg="UserData at notificationUsecase finished"
time="2024-06-22T16:21:31+05:30" level=info msg="UserData at NotificationServer finished"
time="2024-06-22T16:21:50+05:30" level=info msg="UserData at NotificationServer started"
time="2024-06-22T16:21:50+05:30" level=info msg="UserData at notificationUsecase started"
time="2024-06-22T16:21:50+05:30" level=info msg="UserData at notificationUseCase started"
time="2024-06-22T16:21:50+05:30" level=info msg="UserData at notificationRepository started"
time="2024-06-22T16:21:50+05:30" level=info msg="UserData at notificationRepository started"
time="2024-06-22T16:21:50+05:30" level=info msg="UserData at notificationRepository finished"
time="2024-06-22T16:21:50+05:30" level=info msg="UserData at notificationRepository finished"
time="2024-06-22T16:21:50+05:30" level=info msg="UserData at notificationUseCase finished"
time="2024-06-22T16:21:50+05:30" level=info msg="UserData at notificationUsecase finished"
time="2024-06-22T16:21:50+05:30" level=info msg="UserData at NotificationServer finished"
time="2024-06-22T16:21:57+05:30" level=info msg="UserData at NotificationServer started"
time="2024-06-22T16:21:57+05:30" level=info msg="UserData at notificationUsecase started"
time="2024-06-22T16:21:57+05:30" level=info msg="UserData at notificationUseCase started"
time="2024-06-22T16:21:57+05:30" level=info msg="UserData at notificationRepository started"
time="2024-06-22T16:21:57+05:30" level=info msg="UserData at notificationRepository started"
time="2024-06-22T16:21:57+05:30" level=info msg="UserData at notificationRepository finished"
time="2024-06-22T16:21:57+05:30" level=info msg="UserData at notificationRepository finished"
time="2024-06-22T16:21:57+05:30" level=info msg="UserData at notificationUseCase finished"
time="2024-06-22T16:21:57+05:30" level=info msg="UserData at notificationUsecase finished"
time="2024-06-22T16:21:57+05:30" level=info msg="UserData at NotificationServer finished"
time="2024-06-22T16:23:39+05:30" level=info msg="UserData at NotificationServer started"
time="2024-06-22T16:23:39+05:30" level=info msg="UserData at notificationUsecase started"
time="2024-06-22T16:23:39+05:30" level=info msg="UserData at notificationUseCase started"
time="2024-06-22T16:23:39+05:30" level=info msg="UserData at notificationRepository started"
time="2024-06-22T16:23:39+05:30" level=info msg="UserData at notificationRepository started"
time="2024-06-22T16:23:39+05:30" level=info msg="UserData at notificationRepository finished"
time="2024-06-22T16:23:39+05:30" level=info msg="UserData at notificationRepository finished"
time="2024-06-22T16:23:39+05:30" level=info msg="UserData at notificationUseCase finished"
time="2024-06-22T16:23:39+05:30" level=info msg="UserData at notificationUsecase finished"
time="2024-06-22T16:23:39+05:30" level=info msg="UserData at NotificationServer finished"
time="2024-06-22T16:30:16+05:30" level=info msg="UserData at NotificationServer started"
time="2024-06-22T16:30:16+05:30" level=info msg="UserData at notificationUsecase started"
time="2024-06-22T16:30:16+05:30" level=info msg="UserData at notificationUseCase started"
time="2024-06-22T16:30:16+05:30" level=info msg="UserData at notificationRepository started"
time="2024-06-22T16:30:16+05:30" level=info msg="UserData at notificationRepository started"
time="2024-06-22T16:30:16+05:30" level=info msg="UserData at notificationRepository finished"
time="2024-06-22T16:30:16+05:30" level=info msg="UserData at notificationRepository finished"
time="2024-06-22T16:30:16+05:30" level=info msg="UserData at notificationUseCase finished"
time="2024-06-22T16:30:16+05:30" level=info msg="UserData at notificationUsecase finished"
time="2024-06-22T16:30:16+05:30" level=info msg="UserData at NotificationServer finished"
time="2024-06-22T16:32:07+05:30" level=info msg="UserData at NotificationServer started"
time="2024-06-22T16:32:07+05:30" level=info msg="UserData at notificationUsecase started"
time="2024-06-22T16:32:07+05:30" level=info msg="UserData at notificationUseCase started"
time="2024-06-22T16:32:07+05:30" level=info msg="UserData at notificationRepository started"
time="2024-06-22T16:32:07+05:30" level=info msg="UserData at notificationRepository started"
time="2024-06-22T16:32:07+05:30" level=info msg="UserData at notificationRepository finished"
time="2024-06-22T16:32:07+05:30" level=info msg="UserData at notificationRepository finished"
time="2024-06-22T16:32:07+05:30" level=info msg="UserData at notificationUseCase finished"
time="2024-06-22T16:32:07+05:30" level=info msg="UserData at notificationUsecase finished"
time="2024-06-22T16:32:07+05:30" level=info msg="UserData at NotificationServer finished"
time="2024-06-22T16:32:17+05:30" level=info msg="UserData at NotificationServer started"
time="2024-06-22T16:32:17+05:30" level=info msg="UserData at notificationUsecase started"
time="2024-06-22T16:32:17+05:30" level=info msg="UserData at notificationUseCase started"
time="2024-06-22T16:32:17+05:30" level=info msg="UserData at notificationRepository started"
time="2024-06-22T16:32:17+05:30" level=info msg="UserData at notificationRepository started"
time="2024-06-22T16:32:17+05:30" level=info msg="UserData at notificationRepository finished"
time="2024-06-22T16:32:17+05:30" level=info msg="UserData at notificationRepository finished"
time="2024-06-22T16:32:17+05:30" level=info msg="UserData at notificationUseCase finished"
time="2024-06-22T16:32:17+05:30" level=info msg="UserData at notificationUsecase finished"
time="2024-06-22T16:32:17+05:30" level=info msg="UserData at NotificationServer finished"
time="2024-06-22T16:44:02+05:30" level=info msg="UserData at NotificationServer started"
time="2024-06-22T16:44:02+05:30" level=info msg="UserData at notificationUsecase started"
time="2024-06-22T16:44:02+05:30" level=info msg="UserData at notificationUseCase started"
time="2024-06-22T16:44:02+05:30" level=info msg="UserData at notificationRepository started"
time="2024-06-22T16:44:02+05:30" level=info msg="UserData at notificationRepository started"
time="2024-06-22T16:44:02+05:30" level=info msg="UserData at notificationRepository finished"
time="2024-06-22T16:44:02+05:30" level=info msg="UserData at notificationRepository finished"
time="2024-06-22T16:44:02+05:30" level=info msg="UserData at notificationUseCase finished"
time="2024-06-22T16:44:02+05:30" level=info msg="UserData at notificationUsecase finished"
time="2024-06-22T16:44:02+05:30" level=info msg="UserData at NotificationServer finished"
time="2024-06-22T16:44:11+05:30" level=info msg="UserData at NotificationServer started"
time="2024-06-22T16:44:11+05:30" level=info msg="UserData at notificationUsecase started"
time="2024-06-22T16:44:11+05:30" level=info msg="UserData at notificationUseCase started"
time="2024-06-22T16:44:11+05:30" level=info msg="UserData at notificationRepository started"
time="2024-06-22T16:44:11+05:30" level=info msg="UserData at notificationRepository started"
time="2024-06-22T16:44:11+05:30" level=info msg="UserData at notificationRepository finished"
time="2024-06-22T16:44:11+05:30" level=info msg="UserData at notificationRepository finished"
time="2024-06-22T16:44:11+05:30" level=info msg="UserData at notificationUseCase finished"
time="2024-06-22T16:44:11+05:30" level=info msg="UserData at notificationUsecase finished"
time="2024-06-22T16:44:11+05:30" level=info msg="UserData at NotificationServer finished"
time="2024-06-22T16:44:18+05:30" level=info msg="UserData at NotificationServer started"
time="2024-06-22T16:44:18+05:30" level=info msg="UserData at notificationUsecase started"
time="2024-06-22T16:44:18+05:30" level=info msg="UserData at notificationUseCase started"
time="2024-06-22T16:44:18+05:30" level=info msg="UserData at notificationRepository started"
time="2024-06-22T16:44:18+05:30" level=info msg="UserData at notificationRepository started"
time="2024-06-22T16:44:18+05:30" level=info msg="UserData at notificationRepository finished"
time="2024-06-22T16:44:18+05:30" level=info msg="UserData at notificationRepository finished"
time="2024-06-22T16:44:18+05:30" level=info msg="UserData at notificationUseCase finished"
time="2024-06-22T16:44:18+05:30" level=info msg="UserData at notificationUsecase finished"
time="2024-06-22T16:44:18+05:30" level=info msg="UserData at NotificationServer finished"
