time="2024-06-08T11:16:15+05:30" level=info msg="explorite started"
time="2024-06-08T11:17:42+05:30" level=info msg="explorite started"
time="2024-06-08T11:20:59+05:30" level=info msg="explorite started"
time="2024-06-08T11:21:03+05:30" level=info msg="Admin loggedin succesfully"
time="2024-06-08T11:21:21+05:30" level=error msg="Error in admin loginrpc error: code = Unavailable desc = connection error: desc = \"transport: Error while dialing: dial tcp 127.0.0.1:50052: connect: connection refused\""
time="2024-06-08T12:10:18+05:30" level=error msg="Error in admin loginrpc error: code = Unavailable desc = connection error: desc = \"transport: Error while dialing: dial tcp 127.0.0.1:50052: connect: connection refused\""
time="2024-06-08T12:10:34+05:30" level=error msg="Error in admin loginrpc error: code = Unavailable desc = connection error: desc = \"transport: Error while dialing: dial tcp 127.0.0.1:50052: connect: connection refused\""
time="2024-06-08T12:10:43+05:30" level=info msg="explorite started"
time="2024-06-08T12:10:50+05:30" level=info msg="Admin loggedin succesfully"
time="2024-06-08T14:40:23+05:30" level=info msg="Admin loggedin succesfully"
time="2024-06-08T15:20:41+05:30" level=info msg="explorite started"
time="2024-06-08T15:22:41+05:30" level=error msg="Error in retrieving usersrpc error: code = Unavailable desc = connection error: desc = \"transport: Error while dialing: dial tcp 127.0.0.1:50052: connect: connection refused\""
time="2024-06-08T15:24:15+05:30" level=error msg="Error in retrieving usersrpc error: code = Unavailable desc = connection error: desc = \"transport: Error while dialing: dial tcp 127.0.0.1:50052: connect: connection refused\""
time="2024-06-09T15:48:32+05:30" level=info msg="explorite started"
time="2024-06-11T11:13:50+05:30" level=info msg="explorite started"
time="2024-06-11T11:16:20+05:30" level=info msg="explorite started"
time="2024-06-11T11:18:14+05:30" level=info msg="explorite started"
time="2024-06-11T11:26:44+05:30" level=info msg="explorite started"
time="2024-06-11T17:09:33+05:30" level=info msg="explorite started"
time="2024-06-12T17:26:42+05:30" level=info msg="explorite started"
time="2024-06-14T10:42:19+05:30" level=info msg="explorite started"
time="2024-06-14T10:51:57+05:30" level=info msg="explorite started"
time="2024-06-14T13:27:42+05:30" level=info msg="explorite started"
time="2024-06-14T15:34:34+05:30" level=info msg="explorite started"
time="2024-06-14T16:14:18+05:30" level=error msg="Error in user signuprpc error: code = Unavailable desc = connection error: desc = \"transport: Error while dialing: dial tcp 127.0.0.1:50052: connect: connection refused\""
time="2024-06-14T16:17:47+05:30" level=error msg="Error in user signuprpc error: code = Unknown desc = user with this email already exists"
time="2024-06-14T16:35:16+05:30" level=info msg="User loggedin succesfully"
time="2024-06-14T16:42:46+05:30" level=info msg="User successfully signedup"
time="2024-06-14T16:57:34+05:30" level=info msg="Admin loggedin succesfully"
time="2024-06-20T12:01:30+05:30" level=info msg="explorite started"
time="2024-06-20T14:14:07+05:30" level=info msg="explorite started"
time="2024-06-20T14:15:36+05:30" level=info msg="User loggedin succesfully"
time="2024-06-20T14:40:36+05:30" level=info msg="User loggedin succesfully"
time="2024-06-20T14:41:34+05:30" level=info msg="Successfully added post"
time="2024-06-20T14:41:50+05:30" level=info msg="Successfully listed posts"
time="2024-06-20T14:43:48+05:30" level=info msg="Post upvoted successfully"
time="2024-06-20T14:44:06+05:30" level=info msg="User loggedin succesfully"
time="2024-06-20T15:12:03+05:30" level=info msg="explorite started"
time="2024-06-20T15:13:14+05:30" level=info msg="User loggedin succesfully"
time="2024-06-20T15:14:06+05:30" level=info msg="User loggedin succesfully"
time="2024-06-20T20:47:52+05:30" level=info msg="explorite started"
time="2024-06-21T12:37:16+05:30" level=info msg="explorite started"
time="2024-06-21T12:37:45+05:30" level=info msg="User loggedin succesfully"
time="2024-06-21T12:38:12+05:30" level=info msg="Successfully added post"
time="2024-06-21T12:38:16+05:30" level=info msg="Successfully listed posts"
time="2024-06-21T12:59:01+05:30" level=info msg="explorite started"
time="2024-06-21T13:09:35+05:30" level=info msg="explorite started"
time="2024-06-21T13:10:19+05:30" level=info msg="Successfully listed posts"
time="2024-06-21T13:11:33+05:30" level=info msg="Successfully added post"
time="2024-06-21T13:11:37+05:30" level=info msg="Successfully listed posts"
time="2024-06-21T13:13:46+05:30" level=info msg="explorite started"
time="2024-06-21T13:13:50+05:30" level=info msg="Successfully listed posts"
time="2024-06-21T14:19:12+05:30" level=error msg="Could not edit postrpc error: code = Unknown desc = post does not exist"
time="2024-06-21T14:19:21+05:30" level=error msg="Could not edit postrpc error: code = Unknown desc = post does not exist"
time="2024-06-21T14:19:27+05:30" level=error msg="Could not edit postrpc error: code = Unknown desc = post does not exist"
time="2024-06-21T14:26:07+05:30" level=error msg="Could not edit postrpc error: code = Unknown desc = post does not exist"
time="2024-06-21T14:26:48+05:30" level=info msg="explorite started"
time="2024-06-21T14:26:52+05:30" level=error msg="Could not edit postrpc error: code = Unknown desc = post does not exist"
time="2024-06-21T14:27:12+05:30" level=info msg="explorite started"
time="2024-06-21T14:27:14+05:30" level=error msg="Could not edit postrpc error: code = Unknown desc = post does not exist"
time="2024-06-21T14:28:25+05:30" level=error msg="Could not edit postrpc error: code = Unknown desc = post does not exist"
time="2024-06-21T14:29:38+05:30" level=info msg="explorite started"
time="2024-06-21T14:29:41+05:30" level=error msg="Could not edit postrpc error: code = Unknown desc = post does not exist"
time="2024-06-21T14:29:59+05:30" level=error msg="Could not edit postrpc error: code = Unknown desc = post does not exist"
time="2024-06-21T14:32:24+05:30" level=error msg="Could not edit postrpc error: code = Unknown desc = post does not exist"
time="2024-06-21T14:32:32+05:30" level=error msg="Could not edit postrpc error: code = Unknown desc = post does not exist"
time="2024-06-21T14:35:07+05:30" level=error msg="Could not edit postrpc error: code = Unknown desc = post does not exist"
time="2024-06-21T14:35:30+05:30" level=error msg="Could not edit postrpc error: code = Unknown desc = post does not exist"
time="2024-06-21T14:35:30+05:30" level=error msg="Could not edit postrpc error: code = Unknown desc = post does not exist"
time="2024-06-21T14:35:31+05:30" level=error msg="Could not edit postrpc error: code = Unknown desc = post does not exist"
time="2024-06-21T14:35:32+05:30" level=error msg="Could not edit postrpc error: code = Unknown desc = post does not exist"
time="2024-06-21T14:47:56+05:30" level=info msg="Successfully edited post"
time="2024-06-21T14:48:15+05:30" level=error msg="Could not edit postrpc error: code = Unknown desc = post does not exist"
time="2024-06-21T14:48:22+05:30" level=error msg="Could not edit postrpc error: code = Unknown desc = post does not exist"
time="2024-06-21T14:52:09+05:30" level=error msg="post ID is not present"
time="2024-06-21T14:52:17+05:30" level=error msg="post ID is not present"
time="2024-06-21T14:53:38+05:30" level=info msg="Successfully listed posts"
time="2024-06-21T14:53:43+05:30" level=error msg="post ID is not present"
time="2024-06-21T14:54:12+05:30" level=info msg="explorite started"
time="2024-06-21T14:54:16+05:30" level=error msg="post ID is not present"
time="2024-06-21T14:55:30+05:30" level=info msg="explorite started"
time="2024-06-21T14:55:32+05:30" level=error msg="post ID is not present"
time="2024-06-21T14:59:15+05:30" level=error msg="post ID is not present"
time="2024-06-21T15:01:08+05:30" level=info msg="explorite started"
time="2024-06-21T15:01:28+05:30" level=info msg="Post deleted successfully"
time="2024-06-21T15:18:06+05:30" level=info msg="Successfully edited post"
time="2024-06-21T15:18:11+05:30" level=info msg="Successfully listed posts"
time="2024-06-22T09:48:39+05:30" level=info msg="explorite started"
time="2024-06-22T09:56:22+05:30" level=info msg="User loggedin succesfully"
time="2024-06-22T10:53:14+05:30" level=info msg="Successfully added post"
time="2024-06-22T10:53:32+05:30" level=error msg="Failed to upvote postrpc error: code = Unknown desc = post does not exist"
time="2024-06-22T10:53:40+05:30" level=info msg="Post upvoted successfully"
