time="2024-06-22T15:14:13+05:30" level=info msg="GetNotification at NotificationHandler started"
time="2024-06-22T15:14:13+05:30" level=info msg="GetNotification at notificationClient started"
time="2024-06-22T15:14:13+05:30" level=info msg="GetNotification at client started"
time="2024-06-22T15:14:13+05:30" level=error msg="error from client rpc error: code = Unknown desc = ERROR: column \"sender_name\" does not exist (SQLSTATE 42703)"
time="2024-06-22T15:14:13+05:30" level=error msg="Error during GetNotification rpc callrpc error: code = Unknown desc = ERROR: column \"sender_name\" does not exist (SQLSTATE 42703)"
time="2024-06-22T15:15:11+05:30" level=info msg="GetNotification at NotificationHandler started"
time="2024-06-22T15:15:11+05:30" level=info msg="GetNotification at notificationClient started"
time="2024-06-22T15:15:11+05:30" level=info msg="GetNotification at client started"
time="2024-06-22T15:15:11+05:30" level=error msg="error from client rpc error: code = Unknown desc = ERROR: column \"firstname\" does not exist (SQLSTATE 42703)"
time="2024-06-22T15:15:11+05:30" level=error msg="Error during GetNotification rpc callrpc error: code = Unknown desc = ERROR: column \"firstname\" does not exist (SQLSTATE 42703)"
time="2024-06-22T15:16:49+05:30" level=info msg="GetAllNotifications at NotificationHandler started"
time="2024-06-22T15:16:49+05:30" level=info msg="GetAllNotifications at client rpc  started"
time="2024-06-22T15:16:49+05:30" level=info msg="GetAllNotifications at notificationClient started"
time="2024-06-22T15:16:49+05:30" level=info msg="GetAllNotifications at client started"
time="2024-06-22T15:16:49+05:30" level=error msg="error from GRPC callrpc error: code = Unknown desc = ERROR: column \"sender_name\" does not exist (SQLSTATE 42703)"
time="2024-06-22T15:16:49+05:30" level=error msg="Error during GetAllNotifications rpc callrpc error: code = Unknown desc = ERROR: column \"sender_name\" does not exist (SQLSTATE 42703)"
time="2024-06-22T15:16:55+05:30" level=info msg="GetNotification at NotificationHandler started"
time="2024-06-22T15:16:55+05:30" level=info msg="GetNotification at notificationClient started"
time="2024-06-22T15:16:55+05:30" level=info msg="GetNotification at client started"
time="2024-06-22T15:16:55+05:30" level=error msg="error from client rpc error: code = Unknown desc = ERROR: column \"sender_name\" does not exist (SQLSTATE 42703)"
time="2024-06-22T15:16:55+05:30" level=error msg="Error during GetNotification rpc callrpc error: code = Unknown desc = ERROR: column \"sender_name\" does not exist (SQLSTATE 42703)"
time="2024-06-22T15:18:45+05:30" level=info msg="GetNotification at NotificationHandler started"
time="2024-06-22T15:18:45+05:30" level=info msg="GetNotification at notificationClient started"
time="2024-06-22T15:18:45+05:30" level=info msg="GetNotification at client started"
time="2024-06-22T15:18:45+05:30" level=error msg="error from client rpc error: code = Unknown desc = ERROR: column \"read\" does not exist (SQLSTATE 42703)"
time="2024-06-22T15:18:45+05:30" level=error msg="Error during GetNotification rpc callrpc error: code = Unknown desc = ERROR: column \"read\" does not exist (SQLSTATE 42703)"
time="2024-06-22T15:20:52+05:30" level=info msg="GetNotification at NotificationHandler started"
time="2024-06-22T15:20:52+05:30" level=info msg="GetNotification at notificationClient started"
time="2024-06-22T15:20:52+05:30" level=info msg="GetNotification at client started"
time="2024-06-22T15:20:52+05:30" level=info msg="GetNotification at client finished"
time="2024-06-22T15:20:52+05:30" level=info msg="Successfully retrieved Notifications"
time="2024-06-22T15:21:51+05:30" level=info msg="GetNotification at NotificationHandler started"
time="2024-06-22T15:21:51+05:30" level=info msg="GetNotification at notificationClient started"
time="2024-06-22T15:21:51+05:30" level=info msg="GetNotification at client started"
time="2024-06-22T15:21:51+05:30" level=info msg="GetNotification at client finished"
time="2024-06-22T15:21:51+05:30" level=info msg="Successfully retrieved Notifications"
time="2024-06-22T15:38:12+05:30" level=info msg="GetNotification at NotificationHandler started"
time="2024-06-22T15:38:12+05:30" level=info msg="GetNotification at notificationClient started"
time="2024-06-22T15:38:12+05:30" level=info msg="GetNotification at client started"
time="2024-06-22T15:38:12+05:30" level=info msg="GetNotification at client finished"
time="2024-06-22T15:38:12+05:30" level=info msg="Successfully retrieved Notifications"
time="2024-06-22T15:39:08+05:30" level=info msg="ReadNotification at notificationClient started"
time="2024-06-22T15:39:08+05:30" level=info msg="ReadNotification at client started"
time="2024-06-22T15:39:09+05:30" level=info msg="ReadNotification at notificationClient finished"
time="2024-06-22T15:39:09+05:30" level=info msg="ReadNotification at client finished"
time="2024-06-22T15:39:09+05:30" level=info msg=" Notification Successfully marked as read"
time="2024-06-22T16:23:55+05:30" level=info msg="GetNotification at NotificationHandler started"
time="2024-06-22T16:23:55+05:30" level=info msg="GetNotification at notificationClient started"
time="2024-06-22T16:23:55+05:30" level=info msg="GetNotification at client started"
time="2024-06-22T16:23:56+05:30" level=info msg="GetNotification at client finished"
time="2024-06-22T16:23:56+05:30" level=info msg="Successfully retrieved Notifications"
time="2024-06-22T16:25:04+05:30" level=info msg="GetNotification at NotificationHandler started"
time="2024-06-22T16:25:04+05:30" level=info msg="GetNotification at notificationClient started"
time="2024-06-22T16:25:04+05:30" level=info msg="GetNotification at client started"
time="2024-06-22T16:25:05+05:30" level=info msg="GetNotification at client finished"
time="2024-06-22T16:25:05+05:30" level=info msg="Successfully retrieved Notifications"
time="2024-06-22T16:31:09+05:30" level=info msg="GetNotification at NotificationHandler started"
time="2024-06-22T16:31:09+05:30" level=info msg="GetNotification at notificationClient started"
time="2024-06-22T16:31:09+05:30" level=info msg="GetNotification at client started"
time="2024-06-22T16:31:09+05:30" level=info msg="GetNotification at client finished"
time="2024-06-22T16:31:09+05:30" level=info msg="Successfully retrieved Notifications"
time="2024-06-22T16:33:04+05:30" level=info msg="GetNotification at NotificationHandler started"
time="2024-06-22T16:33:04+05:30" level=info msg="GetNotification at notificationClient started"
time="2024-06-22T16:33:04+05:30" level=info msg="GetNotification at client started"
time="2024-06-22T16:33:04+05:30" level=info msg="GetNotification at client finished"
time="2024-06-22T16:33:04+05:30" level=info msg="Successfully retrieved Notifications"
time="2024-06-22T16:39:33+05:30" level=info msg="ReadNotification at notificationClient started"
time="2024-06-22T16:39:33+05:30" level=info msg="ReadNotification at client started"
time="2024-06-22T16:39:33+05:30" level=error msg="error from GRPC callrpc error: code = Unknown desc = notification not found"
time="2024-06-22T16:39:33+05:30" level=error msg="Error during ReadNotification rpc callrpc error: code = Unknown desc = notification not found"
time="2024-06-22T16:39:40+05:30" level=info msg="ReadNotification at notificationClient started"
time="2024-06-22T16:39:40+05:30" level=info msg="ReadNotification at client started"
time="2024-06-22T16:39:40+05:30" level=error msg="error from GRPC callrpc error: code = Unknown desc = notification not found"
time="2024-06-22T16:39:40+05:30" level=error msg="Error during ReadNotification rpc callrpc error: code = Unknown desc = notification not found"
time="2024-06-22T16:39:54+05:30" level=info msg="ReadNotification at notificationClient started"
time="2024-06-22T16:39:54+05:30" level=info msg="ReadNotification at client started"
time="2024-06-22T16:39:54+05:30" level=error msg="error from GRPC callrpc error: code = Unknown desc = notification not found"
time="2024-06-22T16:39:54+05:30" level=error msg="Error during ReadNotification rpc callrpc error: code = Unknown desc = notification not found"
time="2024-06-22T16:41:41+05:30" level=info msg="GetAllNotifications at NotificationHandler started"
time="2024-06-22T16:41:41+05:30" level=info msg="GetAllNotifications at client rpc  started"
time="2024-06-22T16:41:41+05:30" level=info msg="GetAllNotifications at notificationClient started"
time="2024-06-22T16:41:41+05:30" level=info msg="GetAllNotifications at client started"
time="2024-06-22T16:41:41+05:30" level=info msg="GetAllNotifications at notificationClient finished"
time="2024-06-22T16:41:41+05:30" level=info msg="GetAllNotifications at client finished"
time="2024-06-22T16:41:41+05:30" level=info msg="GetAllNotifications at client rpc  finished"
time="2024-06-22T16:41:41+05:30" level=info msg=" Notifications Successfully Fetched"
time="2024-06-22T16:42:07+05:30" level=info msg="GetAllNotifications at NotificationHandler started"
time="2024-06-22T16:42:07+05:30" level=info msg="GetAllNotifications at client rpc  started"
time="2024-06-22T16:42:07+05:30" level=info msg="GetAllNotifications at notificationClient started"
time="2024-06-22T16:42:07+05:30" level=info msg="GetAllNotifications at client started"
time="2024-06-22T16:42:07+05:30" level=info msg="GetAllNotifications at notificationClient finished"
time="2024-06-22T16:42:07+05:30" level=info msg="GetAllNotifications at client finished"
time="2024-06-22T16:42:07+05:30" level=info msg="GetAllNotifications at client rpc  finished"
time="2024-06-22T16:42:07+05:30" level=info msg=" Notifications Successfully Fetched"
time="2024-06-22T16:42:23+05:30" level=info msg="ReadNotification at notificationClient started"
time="2024-06-22T16:42:23+05:30" level=info msg="ReadNotification at client started"
time="2024-06-22T16:42:23+05:30" level=info msg="ReadNotification at notificationClient finished"
time="2024-06-22T16:42:23+05:30" level=info msg="ReadNotification at client finished"
time="2024-06-22T16:42:23+05:30" level=info msg=" Notification Successfully marked as read"
time="2024-06-22T16:42:28+05:30" level=info msg="ReadNotification at notificationClient started"
time="2024-06-22T16:42:28+05:30" level=info msg="ReadNotification at client started"
time="2024-06-22T16:42:28+05:30" level=info msg="ReadNotification at notificationClient finished"
time="2024-06-22T16:42:28+05:30" level=info msg="ReadNotification at client finished"
time="2024-06-22T16:42:28+05:30" level=info msg=" Notification Successfully marked as read"
time="2024-06-22T16:44:57+05:30" level=info msg="ReadNotification at notificationClient started"
time="2024-06-22T16:44:57+05:30" level=info msg="ReadNotification at client started"
time="2024-06-22T16:44:57+05:30" level=info msg="ReadNotification at notificationClient finished"
time="2024-06-22T16:44:57+05:30" level=info msg="ReadNotification at client finished"
time="2024-06-22T16:44:57+05:30" level=info msg=" Notification Successfully marked as read"
time="2024-06-22T16:51:16+05:30" level=info msg="ReadNotification at notificationClient started"
time="2024-06-22T16:51:16+05:30" level=info msg="ReadNotification at client started"
time="2024-06-22T16:51:16+05:30" level=error msg="error from GRPC callrpc error: code = Unknown desc = notification not found"
time="2024-06-22T16:51:16+05:30" level=error msg="Error during ReadNotification rpc callrpc error: code = Unknown desc = notification not found"
time="2024-06-22T16:56:50+05:30" level=info msg="ReadNotification at notificationClient started"
time="2024-06-22T16:56:50+05:30" level=info msg="ReadNotification at client started"
time="2024-06-22T16:56:50+05:30" level=error msg="error from GRPC callrpc error: code = Unknown desc = notification not found"
time="2024-06-22T16:56:50+05:30" level=error msg="Error during ReadNotification rpc callrpc error: code = Unknown desc = notification not found"
time="2024-06-22T16:57:10+05:30" level=info msg="ReadNotification at notificationClient started"
time="2024-06-22T16:57:10+05:30" level=info msg="ReadNotification at client started"
time="2024-06-22T16:57:10+05:30" level=info msg="ReadNotification at notificationClient finished"
time="2024-06-22T16:57:10+05:30" level=info msg="ReadNotification at client finished"
time="2024-06-22T16:57:10+05:30" level=info msg=" Notification Successfully marked as read"
time="2024-06-22T16:58:06+05:30" level=info msg="ReadNotification at notificationClient started"
time="2024-06-22T16:58:06+05:30" level=info msg="ReadNotification at client started"
time="2024-06-22T16:58:06+05:30" level=error msg="error from GRPC callrpc error: code = Unknown desc = notification not found"
time="2024-06-22T16:58:06+05:30" level=error msg="Error during ReadNotification rpc callrpc error: code = Unknown desc = notification not found"
time="2024-06-22T16:58:14+05:30" level=info msg="ReadNotification at notificationClient started"
time="2024-06-22T16:58:14+05:30" level=info msg="ReadNotification at client started"
time="2024-06-22T16:58:14+05:30" level=error msg="error from GRPC callrpc error: code = Unknown desc = notification not found"
time="2024-06-22T16:58:14+05:30" level=error msg="Error during ReadNotification rpc callrpc error: code = Unknown desc = notification not found"
time="2024-06-22T16:58:26+05:30" level=info msg="ReadNotification at notificationClient started"
time="2024-06-22T16:58:26+05:30" level=info msg="ReadNotification at client started"
time="2024-06-22T16:58:26+05:30" level=error msg="error from GRPC callrpc error: code = Unknown desc = notification not found"
time="2024-06-22T16:58:26+05:30" level=error msg="Error during ReadNotification rpc callrpc error: code = Unknown desc = notification not found"
